<?xml version="1.0" encoding="UTF-8"?>
<!-- Generated by org.testng.reporters.JUnitReportReporter -->
<testsuite hostname="DESKTOP-M7DU299" failures="0" tests="1" name="testCases.TC1" time="2.116" errors="0" timestamp="2023-08-29T18:46:34 IST" skipped="0">
  <testcase classname="testCases.TC1" name="testLoginButton" time="2.116"/>
  <system-out/>
</testsuite> <!-- testCases.TC1 -->
