<?xml version="1.0" encoding="UTF-8"?>
<!-- Generated by org.testng.reporters.JUnitReportReporter -->
<testsuite hostname="DESKTOP-M7DU299" failures="0" tests="1" name="testCases.TC2" time="3.236" errors="0" timestamp="2023-08-30T17:58:56 IST" skipped="0">
  <testcase classname="testCases.TC2" name="checkPlacedProduct" time="3.236"/>
  <system-out/>
</testsuite> <!-- testCases.TC2 -->
