<?xml version="1.0" encoding="UTF-8"?>
<!-- Generated by org.testng.reporters.JUnitReportReporter -->
<testsuite hostname="DESKTOP-M7DU299" failures="0" tests="1" name="testCases.TC" time="2.114" errors="0" timestamp="2023-08-11T12:49:55 IST" skipped="0">
  <testcase classname="testCases.TC" name="testLoginButton" time="2.114"/>
  <system-out/>
</testsuite> <!-- testCases.TC -->
